15:44:48 **** Incremental Build of configuration Nios II for project nios-ii-accelerometer ****
make all 
Info: Building ../nios-ii-accelerometer_bsp/
C:/intelFPGA_lite/18.1/nios2eds/bin/gnu/H-x86_64-mingw32/bin/make --no-print-directory -C ../nios-ii-accelerometer_bsp/
[BSP build complete]
Info: Compiling hello_world_small.c to obj/default/hello_world_small.o
nios2-elf-gcc -xc -MP -MMD -c -I../nios-ii-accelerometer_bsp//HAL/inc -I../nios-ii-accelerometer_bsp/ -I../nios-ii-accelerometer_bsp//drivers/inc  -pipe -D__hal__ -DALT_NO_C_PLUS_PLUS -DALT_NO_CLEAN_EXIT -D'exit(a)=_exit(a)' -DALT_NO_EXIT -DALT_USE_DIRECT_DRIVERS -DALT_NO_INSTRUCTION_EMULATION -DALT_USE_SMALL_DRIVERS -DSMALL_C_LIB -DALT_SINGLE_THREADED    -Os -g -Wall   -mno-hw-div -mno-hw-mul -mno-hw-mulx -mgpopt=global  -o obj/default/hello_world_small.o hello_world_small.c
Info: Linking nios-ii-accelerometer.elf
nios2-elf-g++  -T'../nios-ii-accelerometer_bsp//linker.x' -msys-crt0='../nios-ii-accelerometer_bsp//obj/HAL/src/crt0.o' -msys-lib=hal_bsp -L../nios-ii-accelerometer_bsp/  -msmallc  -Wl,-Map=nios-ii-accelerometer.map   -Os -g -Wall   -mno-hw-div -mno-hw-mul -mno-hw-mulx -mgpopt=global  -o nios-ii-accelerometer.elf obj/default/hello_world_small.o -lm -msys-lib=m
nios2-elf-insert nios-ii-accelerometer.elf --thread_model hal --cpu_name cpu --qsys true --simulation_enabled false --stderr_dev jtag_uart --stdin_dev jtag_uart --stdout_dev jtag_uart --sopc_system_name nios_accelerometer --quartus_project_dir "C:/Users/Parth/Downloads/EIE2-InfoProc/lab3/CLOCKED" --sopcinfo C:/Users/Parth/Downloads/EIE2-InfoProc/lab3/CLOCKED/software/nios-ii-accelerometer_bsp/../../nios_accelerometer.sopcinfo
Info: (nios-ii-accelerometer.elf) 4952 Bytes program size (code + initialized data).
Info:                             58 KBytes free for stack + heap.
Info: Creating nios-ii-accelerometer.objdump
nios2-elf-objdump --disassemble --syms --all-header --source nios-ii-accelerometer.elf >nios-ii-accelerometer.objdump
[nios-ii-accelerometer build complete]
15:44:57 **** Incremental Build of configuration Nios II for project nios-ii-accelerometer ****
make all 
Info: Building ../nios-ii-accelerometer_bsp/
C:/intelFPGA_lite/18.1/nios2eds/bin/gnu/H-x86_64-mingw32/bin/make --no-print-directory -C ../nios-ii-accelerometer_bsp/
[BSP build complete]
[nios-ii-accelerometer build complete]
