21:11:53 **** Incremental Build of configuration Nios II for project hello_world_sw ****
make all 
Info: Building ../hello_world_sw_bsp/
C:/intelFPGA_lite/18.1/nios2eds/bin/gnu/H-x86_64-mingw32/bin/make --no-print-directory -C ../hello_world_sw_bsp/
[BSP build complete]
Info: Compiling hello_world_small.c to obj/default/hello_world_small.o
nios2-elf-gcc -xc -MP -MMD -c -I../hello_world_sw_bsp//HAL/inc -I../hello_world_sw_bsp/ -I../hello_world_sw_bsp//drivers/inc  -pipe -D__hal__ -DALT_NO_C_PLUS_PLUS -DALT_NO_CLEAN_EXIT -D'exit(a)=_exit(a)' -DALT_NO_EXIT -DALT_USE_DIRECT_DRIVERS -DALT_NO_INSTRUCTION_EMULATION -DALT_USE_SMALL_DRIVERS -DSMALL_C_LIB -DALT_SINGLE_THREADED    -Os -g -Wall   -mno-hw-div -mno-hw-mul -mno-hw-mulx -mgpopt=global  -o obj/default/hello_world_small.o hello_world_small.c
Info: Linking hello_world_sw.elf
nios2-elf-g++  -T'../hello_world_sw_bsp//linker.x' -msys-crt0='../hello_world_sw_bsp//obj/HAL/src/crt0.o' -msys-lib=hal_bsp -L../hello_world_sw_bsp/  -msmallc  -Wl,-Map=hello_world_sw.map   -Os -g -Wall   -mno-hw-div -mno-hw-mul -mno-hw-mulx -mgpopt=global  -o hello_world_sw.elf obj/default/hello_world_small.o -lm -msys-lib=m
nios2-elf-insert hello_world_sw.elf --thread_model hal --cpu_name cpu --qsys true --simulation_enabled false --id 0 --sidp 0x21090 --timestamp 1737220351 --stderr_dev jtag_uart --stdin_dev jtag_uart --stdout_dev jtag_uart --sopc_system_name nios_setup_v2 --quartus_project_dir "C:/Users/Parth/Downloads/EIE2-InfoProc/lab2" --sopcinfo C:/Users/Parth/Downloads/EIE2-InfoProc/lab2/software/hello_world_sw_bsp/../../nios_setup_v2.sopcinfo
Info: (hello_world_sw.elf) 1544 Bytes program size (code + initialized data).
Info:                      62 KBytes free for stack + heap.
Info: Creating hello_world_sw.objdump
nios2-elf-objdump --disassemble --syms --all-header --source hello_world_sw.elf >hello_world_sw.objdump
[hello_world_sw build complete]
21:12:03 **** Incremental Build of configuration Nios II for project hello_world_sw ****
make all 
Info: Building ../hello_world_sw_bsp/
C:/intelFPGA_lite/18.1/nios2eds/bin/gnu/H-x86_64-mingw32/bin/make --no-print-directory -C ../hello_world_sw_bsp/
[BSP build complete]
[hello_world_sw build complete]
